Build started 4/7/2020 6:22:14 PM.
Logging verbosity is set to: Normal.     1>Project "C:\Users\Jacob\Desktop\DFClone\DFClone\DFClone.vcxproj" on node 2 (Build target(s)).
     1>PrepareForBuild:
         Creating directory "C:\Users\Jacob\Desktop\DFClone\x86/Release\".
         Creating directory "Release\DFClone.tlog\".
       InitializeBuildStatus:
         Creating "Release\DFClone.tlog\unsuccessfulbuild" because "AlwaysCreate" was specified.
       PreBuildEvent:
         Copy Required Files
         xcopy /Y  /E "C:\Users\Jacob\Desktop\DFClone\inject\x86\*" "C:\Users\Jacob\Desktop\DFClone\x86/Release\"
         xcopy /Y  /E "C:\Users\Jacob\Desktop\DFClone\inject\common\*" "C:\Users\Jacob\Desktop\DFClone\x86/Release\"
         :VCEnd
         C:\Users\Jacob\Desktop\DFClone\inject\x86\libjpeg-9.dll
         C:\Users\Jacob\Desktop\DFClone\inject\x86\libpng16-16.dll
         C:\Users\Jacob\Desktop\DFClone\inject\x86\libtiff-5.dll
         C:\Users\Jacob\Desktop\DFClone\inject\x86\libwebp-7.dll
         C:\Users\Jacob\Desktop\DFClone\inject\x86\SDL2.dll
         C:\Users\Jacob\Desktop\DFClone\inject\x86\SDL2_image.dll
         C:\Users\Jacob\Desktop\DFClone\inject\x86\zlib1.dll
         7 File(s) copied
         C:\Users\Jacob\Desktop\DFClone\inject\common\loaded.png
         C:\Users\Jacob\Desktop\DFClone\inject\common\licenses\LICENSE.jpeg.txt
         C:\Users\Jacob\Desktop\DFClone\inject\common\licenses\LICENSE.png.txt
         C:\Users\Jacob\Desktop\DFClone\inject\common\licenses\LICENSE.tiff.txt
         C:\Users\Jacob\Desktop\DFClone\inject\common\licenses\LICENSE.webp.txt
         C:\Users\Jacob\Desktop\DFClone\inject\common\licenses\LICENSE.zlib.txt
         C:\Users\Jacob\Desktop\DFClone\inject\common\licenses\SDL-LICENSE.txt
         C:\Users\Jacob\Desktop\DFClone\inject\common\licenses\SDL-README.txt
         C:\Users\Jacob\Desktop\DFClone\inject\common\licenses\SDL_IMAGE_LICENSE.txt
         9 File(s) copied
       ClCompile:
         C:\Program Files (x86)\Microsoft Visual Studio\2019\Community\VC\Tools\MSVC\14.25.28610\bin\HostX86\x86\CL.exe /c /IC:\Users\Jacob\Desktop\DFClone\extern\SDL\include /IC:\Users\Jacob\Desktop\DFClone\extern\SDL_IMAGE\include /Zi /nologo /W3 /WX- /diagnostics:column /sdl /O2 /Oi /Oy- /GL /D NDEBUG /D _CONSOLE /D _UNICODE /D UNICODE /Gm- /EHsc /MD /GS /Gy /fp:precise /permissive- /Zc:wchar_t /Zc:forScope /Zc:inline /Fo"Release\\" /Fd"Release\vc142.pdb" /Gd /TP /analyze- /FC /errorReport:prompt Display.cpp Main.cpp Resources.cpp
         Display.cpp
         Main.cpp
         Resources.cpp
       Link:
         C:\Program Files (x86)\Microsoft Visual Studio\2019\Community\VC\Tools\MSVC\14.25.28610\bin\HostX86\x86\link.exe /ERRORREPORT:PROMPT /OUT:"C:\Users\Jacob\Desktop\DFClone\x86/Release\DFClone.exe" /INCREMENTAL:NO /NOLOGO /LIBPATH:C:\Users\Jacob\Desktop\DFClone\extern\SDL\lib\x86 /LIBPATH:C:\Users\Jacob\Desktop\DFClone\extern\SDL_IMAGE\lib\x86\ SDL2_Image.lib SDL2.lib SDL2main.lib kernel32.lib user32.lib gdi32.lib winspool.lib comdlg32.lib advapi32.lib shell32.lib ole32.lib oleaut32.lib uuid.lib odbc32.lib odbccp32.lib kernel32.lib user32.lib gdi32.lib winspool.lib comdlg32.lib advapi32.lib shell32.lib ole32.lib oleaut32.lib uuid.lib odbc32.lib odbccp32.lib /MANIFEST /MANIFESTUAC:"level='asInvoker' uiAccess='false'" /manifest:embed /DEBUG /PDB:"C:\Users\Jacob\Desktop\DFClone\x86/Release\DFClone.pdb" /SUBSYSTEM:WINDOWS /OPT:REF /OPT:ICF /LTCG:incremental /TLBID:1 /ENTRY:"mainCRTStartup" /DYNAMICBASE /NXCOMPAT /IMPLIB:"C:\Users\Jacob\Desktop\DFClone\x86/Release\DFClone.lib" /MACHINE:X86 /SAFESEH Release\Display.obj
         Release\Main.obj
         Release\Resources.obj
         Generating code
         Previous IPDB not found, fall back to full compilation.
         All 197 functions were compiled because no usable IPDB/IOBJ from previous compilation was found.
         Finished generating code
         DFClone.vcxproj -> C:\Users\Jacob\Desktop\DFClone\x86/Release\DFClone.exe
       FinalizeBuildStatus:
         Deleting file "Release\DFClone.tlog\unsuccessfulbuild".
         Touching "Release\DFClone.tlog\DFClone.lastbuildstate".
     1>Done Building Project "C:\Users\Jacob\Desktop\DFClone\DFClone\DFClone.vcxproj" (Build target(s)).

Build succeeded.
    0 Warning(s)
    0 Error(s)

Time Elapsed 00:00:02.32
